cisco@jalapeno-host:~/scoville$ kubectl delete -f ~/jalapeno/install/collectors/gobmp/gobmp-collector.yaml 
configmap "gobmp-config" deleted
service "gobmp" deleted
deployment.apps "gobmp" deleted
cisco@jalapeno-host:~/scoville$ kubectl get pods -n jalapeno
NAME                                READY   STATUS    RESTARTS      AGE
arangodb-0                          1/1     Running   0             44d
gobmp-arango-d86fbd484-kqjtl        1/1     Running   3 (44d ago)   44d
grafana-564f7b5c-fjtls              1/1     Running   0             44d
igp-graph-844455dbd9-5kxm8          1/1     Running   0             44d
influxdb-0                          1/1     Running   0             44d
ip-graph-cd4554996-lpwh6            1/1     Running   0             44d
jalapeno-api-74dd6d57b5-6kknz       1/1     Running   0             44d
jalapeno-ui-55c5dff554-r9tfr        1/1     Running   0             44d
kafka-0                             1/1     Running   0             44d
linkstate-edge-5949c7c8f9-j5g4f     1/1     Running   3 (44d ago)   44d
nats-695ccdb4fb-skwvk               1/1     Running   0             2m37s
telegraf-egress-5d5c596c84-mkmf5    1/1     Running   3 (44d ago)   44d
telegraf-ingress-7796f54b5d-j6ng6   1/1     Running   1 (44d ago)   44d
zookeeper-0                         1/1     Running   0             44d
cisco@jalapeno-host:~/scoville$ kubectl apply -f deploy/k8s/gobmp-collector.yaml
configmap/gobmp-config created
service/gobmp created
deployment.apps/gobmp created
cisco@jalapeno-host:~/scoville$ kubectl get pods -n jalapeno
NAME                                READY   STATUS    RESTARTS      AGE
arangodb-0                          1/1     Running   0             44d
gobmp-6748b8fd6b-8q2hf              0/1     Error     1 (3s ago)    4s
gobmp-arango-d86fbd484-kqjtl        1/1     Running   3 (44d ago)   44d
grafana-564f7b5c-fjtls              1/1     Running   0             44d
igp-graph-844455dbd9-5kxm8          1/1     Running   0             44d
influxdb-0                          1/1     Running   0             44d
ip-graph-cd4554996-lpwh6            1/1     Running   0             44d
jalapeno-api-74dd6d57b5-6kknz       1/1     Running   0             44d
jalapeno-ui-55c5dff554-r9tfr        1/1     Running   0             44d
kafka-0                             1/1     Running   0             44d
linkstate-edge-5949c7c8f9-j5g4f     1/1     Running   3 (44d ago)   44d
nats-695ccdb4fb-skwvk               1/1     Running   0             2m45s
telegraf-egress-5d5c596c84-mkmf5    1/1     Running   3 (44d ago)   44d
telegraf-ingress-7796f54b5d-j6ng6   1/1     Running   1 (44d ago)   44d
zookeeper-0                         1/1     Running   0             44d
cisco@jalapeno-host:~/scoville$ kubectl get pods -n jalapeno
NAME                                READY   STATUS    RESTARTS      AGE
arangodb-0                          1/1     Running   0             44d
gobmp-6748b8fd6b-8q2hf              0/1     Error     1 (5s ago)    6s
gobmp-arango-d86fbd484-kqjtl        1/1     Running   3 (44d ago)   44d
grafana-564f7b5c-fjtls              1/1     Running   0             44d
igp-graph-844455dbd9-5kxm8          1/1     Running   0             44d
influxdb-0                          1/1     Running   0             44d
ip-graph-cd4554996-lpwh6            1/1     Running   0             44d
jalapeno-api-74dd6d57b5-6kknz       1/1     Running   0             44d
jalapeno-ui-55c5dff554-r9tfr        1/1     Running   0             44d
kafka-0                             1/1     Running   0             44d
linkstate-edge-5949c7c8f9-j5g4f     1/1     Running   3 (44d ago)   44d
nats-695ccdb4fb-skwvk               1/1     Running   0             2m47s
telegraf-egress-5d5c596c84-mkmf5    1/1     Running   3 (44d ago)   44d
telegraf-ingress-7796f54b5d-j6ng6   1/1     Running   1 (44d ago)   44d
zookeeper-0                         1/1     Running   0             44d
cisco@jalapeno-host:~/scoville$ 
cisco@jalapeno-host:~/scoville$ 
cisco@jalapeno-host:~/scoville$ kubectl logs -f -n jalapeno gobmp-6748b8fd6b-8q2hf
I0418 18:13:30.114957       1 kafka-publisher.go:159] Initializing Kafka producer client
E0418 18:13:30.115031       1 kafka-publisher.go:161] Failed to validate Kafka config: &{ 900000 } with error: : host or port cannot be ''
E0418 18:13:30.115047       1 gobmp.go:97] failed to initialize Kafka publisher with error: : host or port cannot be ''
cisco@jalapeno-host:~/scoville$ kubectl describe pod -n jalapeno gobmp-6748b8fd6b-8q2hf
Name:             gobmp-6748b8fd6b-8q2hf
Namespace:        jalapeno
Priority:         0
Service Account:  default
Node:             jalapeno-host/198.18.133.102
Start Time:       Sat, 18 Apr 2026 14:13:14 -0400
Labels:           app=gobmp
                  pod-template-hash=6748b8fd6b
Annotations:      <none>
Status:           Running
IP:               10.0.0.109
IPs:
  IP:           10.0.0.109
Controlled By:  ReplicaSet/gobmp-6748b8fd6b
Containers:
  gobmp:
    Container ID:  containerd://38cca312fafb2c8c34de2e34e9dd6f1eb225b4d8865495fcb947023d0a76e279
    Image:         docker.io/sbezverk/gobmp:latest
    Image ID:      docker.io/sbezverk/gobmp@sha256:1a7e016b82134acbead3c1285277e854d4e17b6fd381adad6ee43f962b0b6080
    Ports:         5000/TCP, 56767/TCP
    Host Ports:    0/TCP, 0/TCP
    Args:
      --v
      5
      --source-port
      5000
      --nats-server
      nats://nats.jalapeno:4222
    State:          Waiting
      Reason:       CrashLoopBackOff
    Last State:     Terminated
      Reason:       Error
      Exit Code:    1
      Started:      Sat, 18 Apr 2026 14:13:30 -0400
      Finished:     Sat, 18 Apr 2026 14:13:30 -0400
    Ready:          False
    Restart Count:  2
    Environment:    <none>
    Mounts:
      /var/run/secrets/kubernetes.io/serviceaccount from kube-api-access-nz8qq (ro)
Conditions:
  Type                        Status
  PodReadyToStartContainers   True 
  Initialized                 True 
  Ready                       False 
  ContainersReady             False 
  PodScheduled                True 
Volumes:
  config-volume:
    Type:      ConfigMap (a volume populated by a ConfigMap)
    Name:      gobmp-config
    Optional:  false
  kube-api-access-nz8qq:
    Type:                    Projected (a volume that contains injected data from multiple sources)
    TokenExpirationSeconds:  3607
    ConfigMapName:           kube-root-ca.crt
    ConfigMapOptional:       <nil>
    DownwardAPI:             true
QoS Class:                   BestEffort
Node-Selectors:              <none>
Tolerations:                 node.kubernetes.io/not-ready:NoExecute op=Exists for 300s
                             node.kubernetes.io/unreachable:NoExecute op=Exists for 300s
Events:
  Type     Reason     Age                From               Message
  ----     ------     ----               ----               -------
  Normal   Scheduled  36s                default-scheduler  Successfully assigned jalapeno/gobmp-6748b8fd6b-8q2hf to jalapeno-host
  Normal   Pulled     35s                kubelet            Successfully pulled image "docker.io/sbezverk/gobmp:latest" in 198ms (198ms including waiting). Image size: 7957186 bytes.
  Normal   Pulled     34s                kubelet            Successfully pulled image "docker.io/sbezverk/gobmp:latest" in 188ms (188ms including waiting). Image size: 7957186 bytes.
  Normal   Pulling    21s (x3 over 35s)  kubelet            Pulling image "docker.io/sbezverk/gobmp:latest"
  Normal   Created    20s (x3 over 35s)  kubelet            Created container: gobmp
  Normal   Started    20s (x3 over 35s)  kubelet            Started container gobmp
  Normal   Pulled     20s                kubelet            Successfully pulled image "docker.io/sbezverk/gobmp:latest" in 225ms (225ms including waiting). Image size: 7957186 bytes.
  Warning  BackOff    10s (x3 over 33s)  kubelet            Back-off restarting failed container gobmp in pod gobmp-6748b8fd6b-8q2hf_jalapeno(602e6b2b-8b8b-42ce-97af-fe5cecb8cd71)
